Assuming unrestricted shared filesystem usage.
None
host: codespaces-62e845
Building DAG of jobs...
Using shell: /usr/bin/bash
Provided cores: 1 (use --cores to define parallelism)
Rules claiming more threads will be scaled down.
Job stats:
job         count
--------  -------
download        1
total           1

Select jobs to execute...
Execute 1 jobs...
[Wed Jul 23 15:10:34 2025]
localrule download:
    output: events/GW150914-v3.json
    jobid: 0
    reason: Missing output files: events/GW150914-v3.json
    wildcards: id=GW150914-v3
    resources: tmpdir=/tmp
[Wed Jul 23 15:10:38 2025]
Finished jobid: 0 (Rule: download)
1 of 1 steps (100%) done
Complete log(s): /workspaces/python-for-engineers-and-scientists-2425360/Ch04/.snakemake/log/2025-07-23T151034.642278.snakemake.log
