Assuming unrestricted shared filesystem usage.
None
host: codespaces-62e845
Building DAG of jobs...
Using shell: /usr/bin/bash
Provided cores: 4
Rules claiming more threads will be scaled down.
Job stats:
job         count
--------  -------
download        8
plot            8
stack           1
total          17

Select jobs to execute...
Execute 4 jobs...
[Thu Jul 24 13:02:35 2025]
localrule download:
    output: events/GW190814-v2.json
    jobid: 6
    reason: Missing output files: events/GW190814-v2.json
    wildcards: id=GW190814-v2
    resources: tmpdir=/tmp
[Thu Jul 24 13:02:35 2025]
localrule download:
    output: events/GW190408_181802-v1.json
    jobid: 16
    reason: Missing output files: events/GW190408_181802-v1.json
    wildcards: id=GW190408_181802-v1
    resources: tmpdir=/tmp
[Thu Jul 24 13:02:35 2025]
localrule download:
    output: events/GW170814-v3.json
    jobid: 12
    reason: Missing output files: events/GW170814-v3.json
    wildcards: id=GW170814-v3
    resources: tmpdir=/tmp
[Thu Jul 24 13:02:35 2025]
localrule download:
    output: events/GW190828_063405-v1.json
    jobid: 10
    reason: Missing output files: events/GW190828_063405-v1.json
    wildcards: id=GW190828_063405-v1
    resources: tmpdir=/tmp
Select jobs to execute...
[Thu Jul 24 13:02:41 2025]
Finished jobid: 16 (Rule: download)
1 of 17 steps (6%) done
Execute 1 jobs...
[Thu Jul 24 13:02:41 2025]
localrule plot:
    input: events/GW190408_181802-v1.json
    output: events/GW190408_181802-v1.png
    jobid: 15
    reason: Missing output files: events/GW190408_181802-v1.png; Input files updated by another job: events/GW190408_181802-v1.json
    wildcards: id=GW190408_181802-v1
    resources: tmpdir=/tmp
[Thu Jul 24 13:02:41 2025]
Finished jobid: 12 (Rule: download)
2 of 17 steps (12%) done
Select jobs to execute...
Execute 1 jobs...
[Thu Jul 24 13:02:41 2025]
localrule plot:
    input: events/GW170814-v3.json
    output: events/GW170814-v3.png
    jobid: 11
    reason: Missing output files: events/GW170814-v3.png; Input files updated by another job: events/GW170814-v3.json
    wildcards: id=GW170814-v3
    resources: tmpdir=/tmp
[Thu Jul 24 13:02:41 2025]
Finished jobid: 6 (Rule: download)
3 of 17 steps (18%) done
Select jobs to execute...
Execute 1 jobs...
[Thu Jul 24 13:02:41 2025]
localrule plot:
    input: events/GW190814-v2.json
    output: events/GW190814-v2.png
    jobid: 5
    reason: Missing output files: events/GW190814-v2.png; Input files updated by another job: events/GW190814-v2.json
    wildcards: id=GW190814-v2
    resources: tmpdir=/tmp
Select jobs to execute...
[Thu Jul 24 13:02:42 2025]
Finished jobid: 10 (Rule: download)
4 of 17 steps (24%) done
Execute 1 jobs...
[Thu Jul 24 13:02:42 2025]
localrule plot:
    input: events/GW190828_063405-v1.json
    output: events/GW190828_063405-v1.png
    jobid: 9
    reason: Missing output files: events/GW190828_063405-v1.png; Input files updated by another job: events/GW190828_063405-v1.json
    wildcards: id=GW190828_063405-v1
    resources: tmpdir=/tmp
Select jobs to execute...
[Thu Jul 24 13:02:46 2025]
Finished jobid: 5 (Rule: plot)
5 of 17 steps (29%) done
Execute 1 jobs...
[Thu Jul 24 13:02:46 2025]
localrule download:
    output: events/GW170608-v3.json
    jobid: 14
    reason: Missing output files: events/GW170608-v3.json
    wildcards: id=GW170608-v3
    resources: tmpdir=/tmp
[Thu Jul 24 13:02:46 2025]
Finished jobid: 11 (Rule: plot)
6 of 17 steps (35%) done
Select jobs to execute...
Execute 1 jobs...
[Thu Jul 24 13:02:46 2025]
localrule download:
    output: events/GW190412-v3.json
    jobid: 8
    reason: Missing output files: events/GW190412-v3.json
    wildcards: id=GW190412-v3
    resources: tmpdir=/tmp
[Thu Jul 24 13:02:46 2025]
Finished jobid: 15 (Rule: plot)
7 of 17 steps (41%) done
Select jobs to execute...
Execute 1 jobs...
[Thu Jul 24 13:02:46 2025]
localrule download:
    output: events/GW190521_074359-v1.json
    jobid: 4
    reason: Missing output files: events/GW190521_074359-v1.json
    wildcards: id=GW190521_074359-v1
    resources: tmpdir=/tmp
Select jobs to execute...
[Thu Jul 24 13:02:47 2025]
Finished jobid: 9 (Rule: plot)
8 of 17 steps (47%) done
Execute 1 jobs...
[Thu Jul 24 13:02:47 2025]
localrule download:
    output: events/GW190521-v3.json
    jobid: 18
    reason: Missing output files: events/GW190521-v3.json
    wildcards: id=GW190521-v3
    resources: tmpdir=/tmp
[Thu Jul 24 13:02:49 2025]
Finished jobid: 4 (Rule: download)
9 of 17 steps (53%) done
Select jobs to execute...
Execute 1 jobs...
[Thu Jul 24 13:02:49 2025]
localrule plot:
    input: events/GW190521_074359-v1.json
    output: events/GW190521_074359-v1.png
    jobid: 3
    reason: Missing output files: events/GW190521_074359-v1.png; Input files updated by another job: events/GW190521_074359-v1.json
    wildcards: id=GW190521_074359-v1
    resources: tmpdir=/tmp
[Thu Jul 24 13:02:50 2025]
Finished jobid: 18 (Rule: download)
10 of 17 steps (59%) done
Select jobs to execute...
Execute 1 jobs...
[Thu Jul 24 13:02:50 2025]
localrule plot:
    input: events/GW190521-v3.json
    output: events/GW190521-v3.png
    jobid: 17
    reason: Missing output files: events/GW190521-v3.png; Input files updated by another job: events/GW190521-v3.json
    wildcards: id=GW190521-v3
    resources: tmpdir=/tmp
[Thu Jul 24 13:02:50 2025]
Finished jobid: 14 (Rule: download)
11 of 17 steps (65%) done
Select jobs to execute...
Execute 1 jobs...
[Thu Jul 24 13:02:50 2025]
localrule plot:
    input: events/GW170608-v3.json
    output: events/GW170608-v3.png
    jobid: 13
    reason: Missing output files: events/GW170608-v3.png; Input files updated by another job: events/GW170608-v3.json
    wildcards: id=GW170608-v3
    resources: tmpdir=/tmp
[Thu Jul 24 13:02:50 2025]
Finished jobid: 8 (Rule: download)
12 of 17 steps (71%) done
Select jobs to execute...
Execute 1 jobs...
[Thu Jul 24 13:02:50 2025]
localrule plot:
    input: events/GW190412-v3.json
    output: events/GW190412-v3.png
    jobid: 7
    reason: Missing output files: events/GW190412-v3.png; Input files updated by another job: events/GW190412-v3.json
    wildcards: id=GW190412-v3
    resources: tmpdir=/tmp
[Thu Jul 24 13:02:54 2025]
Finished jobid: 3 (Rule: plot)
13 of 17 steps (76%) done
[Thu Jul 24 13:02:54 2025]
Finished jobid: 17 (Rule: plot)
14 of 17 steps (82%) done
[Thu Jul 24 13:02:55 2025]
Finished jobid: 13 (Rule: plot)
15 of 17 steps (88%) done
[Thu Jul 24 13:02:55 2025]
Finished jobid: 7 (Rule: plot)
16 of 17 steps (94%) done
Select jobs to execute...
Execute 1 jobs...
[Thu Jul 24 13:02:55 2025]
localrule stack:
    input: events/GW170817-v3.png, events/GW190521_074359-v1.png, events/GW190814-v2.png, events/GW190412-v3.png, events/GW190828_063405-v1.png, events/GW170814-v3.png, events/GW170608-v3.png, events/GW190408_181802-v1.png, events/GW190521-v3.png
    output: events/allevents.png
    jobid: 0
    reason: Missing output files: events/allevents.png; Input files updated by another job: events/GW190521-v3.png, events/GW170814-v3.png, events/GW190814-v2.png, events/GW190412-v3.png, events/GW190408_181802-v1.png, events/GW170608-v3.png, events/GW190828_063405-v1.png, events/GW190521_074359-v1.png
    resources: tmpdir=/tmp
[Thu Jul 24 13:02:56 2025]
Finished jobid: 0 (Rule: stack)
17 of 17 steps (100%) done
Complete log(s): /workspaces/python-for-engineers-and-scientists-2425360/Ch04/.snakemake/log/2025-07-24T130235.956487.snakemake.log
